INFO: [VRFC 10-2263] Analyzing Verilog file "C:/Users/User/arm_processor/arm_processor.sim/sim_1/impl/timing/xsim/arm_tb_time_impl.v" into library xil_defaultlib
INFO: [VRFC 10-311] analyzing module RAM32M_UNIQ_BASE_
INFO: [VRFC 10-311] analyzing module RAM32M_HD333
INFO: [VRFC 10-311] analyzing module RAM32M_HD334
INFO: [VRFC 10-311] analyzing module RAM32M_HD335
INFO: [VRFC 10-311] analyzing module RAM32M_HD337
INFO: [VRFC 10-311] analyzing module RAM32M_HD338
INFO: [VRFC 10-311] analyzing module RAM32M_HD339
INFO: [VRFC 10-311] analyzing module RAM32M_HD340
INFO: [VRFC 10-311] analyzing module RAM32M_HD341
INFO: [VRFC 10-311] analyzing module RAM32M_HD344
INFO: [VRFC 10-311] analyzing module RAM32X1D_UNIQ_BASE_
INFO: [VRFC 10-311] analyzing module RAM32X1D_HD336
INFO: [VRFC 10-311] analyzing module RAM32X1D_HD342
INFO: [VRFC 10-311] analyzing module RAM32X1D_HD343
INFO: [VRFC 10-311] analyzing module RAM64X1S_UNIQ_BASE_
INFO: [VRFC 10-311] analyzing module RAM64X1S_HD302
INFO: [VRFC 10-311] analyzing module RAM64X1S_HD303
INFO: [VRFC 10-311] analyzing module RAM64X1S_HD304
INFO: [VRFC 10-311] analyzing module RAM64X1S_HD305
INFO: [VRFC 10-311] analyzing module RAM64X1S_HD306
INFO: [VRFC 10-311] analyzing module RAM64X1S_HD307
INFO: [VRFC 10-311] analyzing module RAM64X1S_HD308
INFO: [VRFC 10-311] analyzing module RAM64X1S_HD309
INFO: [VRFC 10-311] analyzing module RAM64X1S_HD310
INFO: [VRFC 10-311] analyzing module RAM64X1S_HD311
INFO: [VRFC 10-311] analyzing module RAM64X1S_HD312
INFO: [VRFC 10-311] analyzing module RAM64X1S_HD313
INFO: [VRFC 10-311] analyzing module RAM64X1S_HD314
INFO: [VRFC 10-311] analyzing module RAM64X1S_HD315
INFO: [VRFC 10-311] analyzing module RAM64X1S_HD316
INFO: [VRFC 10-311] analyzing module RAM64X1S_HD317
INFO: [VRFC 10-311] analyzing module RAM64X1S_HD318
INFO: [VRFC 10-311] analyzing module RAM64X1S_HD319
INFO: [VRFC 10-311] analyzing module RAM64X1S_HD320
INFO: [VRFC 10-311] analyzing module RAM64X1S_HD321
INFO: [VRFC 10-311] analyzing module RAM64X1S_HD322
INFO: [VRFC 10-311] analyzing module RAM64X1S_HD323
INFO: [VRFC 10-311] analyzing module RAM64X1S_HD324
INFO: [VRFC 10-311] analyzing module RAM64X1S_HD325
INFO: [VRFC 10-311] analyzing module RAM64X1S_HD326
INFO: [VRFC 10-311] analyzing module RAM64X1S_HD327
INFO: [VRFC 10-311] analyzing module RAM64X1S_HD328
INFO: [VRFC 10-311] analyzing module RAM64X1S_HD329
INFO: [VRFC 10-311] analyzing module RAM64X1S_HD330
INFO: [VRFC 10-311] analyzing module RAM64X1S_HD331
INFO: [VRFC 10-311] analyzing module RAM64X1S_HD332
INFO: [VRFC 10-311] analyzing module adder
INFO: [VRFC 10-311] analyzing module alu
INFO: [VRFC 10-311] analyzing module arm
INFO: [VRFC 10-311] analyzing module condlogic
INFO: [VRFC 10-311] analyzing module controller
INFO: [VRFC 10-311] analyzing module datapath
INFO: [VRFC 10-311] analyzing module dmem
INFO: [VRFC 10-311] analyzing module flopenr
INFO: [VRFC 10-311] analyzing module flopenr_0
INFO: [VRFC 10-311] analyzing module flopr
INFO: [VRFC 10-311] analyzing module regfile
INFO: [VRFC 10-311] analyzing module glbl
