INFO: [VRFC 10-2263] Analyzing Verilog file "C:/Users/User/arm_processor/arm_processor.sim/sim_1/synth/timing/xsim/arm_tb_time_synth.v" into library xil_defaultlib
INFO: [VRFC 10-311] analyzing module RAM32M_UNIQ_BASE_
INFO: [VRFC 10-311] analyzing module RAM32M_HD75
INFO: [VRFC 10-311] analyzing module RAM32M_HD76
INFO: [VRFC 10-311] analyzing module RAM32M_HD77
INFO: [VRFC 10-311] analyzing module RAM32M_HD79
INFO: [VRFC 10-311] analyzing module RAM32M_HD80
INFO: [VRFC 10-311] analyzing module RAM32M_HD81
INFO: [VRFC 10-311] analyzing module RAM32M_HD82
INFO: [VRFC 10-311] analyzing module RAM32M_HD83
INFO: [VRFC 10-311] analyzing module RAM32M_HD86
INFO: [VRFC 10-311] analyzing module RAM32X1D_UNIQ_BASE_
INFO: [VRFC 10-311] analyzing module RAM32X1D_HD78
INFO: [VRFC 10-311] analyzing module RAM32X1D_HD84
INFO: [VRFC 10-311] analyzing module RAM32X1D_HD85
INFO: [VRFC 10-311] analyzing module RAM64X1S_UNIQ_BASE_
INFO: [VRFC 10-311] analyzing module RAM64X1S_HD44
INFO: [VRFC 10-311] analyzing module RAM64X1S_HD45
INFO: [VRFC 10-311] analyzing module RAM64X1S_HD46
INFO: [VRFC 10-311] analyzing module RAM64X1S_HD47
INFO: [VRFC 10-311] analyzing module RAM64X1S_HD48
INFO: [VRFC 10-311] analyzing module RAM64X1S_HD49
INFO: [VRFC 10-311] analyzing module RAM64X1S_HD50
INFO: [VRFC 10-311] analyzing module RAM64X1S_HD51
INFO: [VRFC 10-311] analyzing module RAM64X1S_HD52
INFO: [VRFC 10-311] analyzing module RAM64X1S_HD53
INFO: [VRFC 10-311] analyzing module RAM64X1S_HD54
INFO: [VRFC 10-311] analyzing module RAM64X1S_HD55
INFO: [VRFC 10-311] analyzing module RAM64X1S_HD56
INFO: [VRFC 10-311] analyzing module RAM64X1S_HD57
INFO: [VRFC 10-311] analyzing module RAM64X1S_HD58
INFO: [VRFC 10-311] analyzing module RAM64X1S_HD59
INFO: [VRFC 10-311] analyzing module RAM64X1S_HD60
INFO: [VRFC 10-311] analyzing module RAM64X1S_HD61
INFO: [VRFC 10-311] analyzing module RAM64X1S_HD62
INFO: [VRFC 10-311] analyzing module RAM64X1S_HD63
INFO: [VRFC 10-311] analyzing module RAM64X1S_HD64
INFO: [VRFC 10-311] analyzing module RAM64X1S_HD65
INFO: [VRFC 10-311] analyzing module RAM64X1S_HD66
INFO: [VRFC 10-311] analyzing module RAM64X1S_HD67
INFO: [VRFC 10-311] analyzing module RAM64X1S_HD68
INFO: [VRFC 10-311] analyzing module RAM64X1S_HD69
INFO: [VRFC 10-311] analyzing module RAM64X1S_HD70
INFO: [VRFC 10-311] analyzing module RAM64X1S_HD71
INFO: [VRFC 10-311] analyzing module RAM64X1S_HD72
INFO: [VRFC 10-311] analyzing module RAM64X1S_HD73
INFO: [VRFC 10-311] analyzing module RAM64X1S_HD74
INFO: [VRFC 10-311] analyzing module adder
INFO: [VRFC 10-311] analyzing module alu
INFO: [VRFC 10-311] analyzing module arm
INFO: [VRFC 10-311] analyzing module condlogic
INFO: [VRFC 10-311] analyzing module controller
INFO: [VRFC 10-311] analyzing module datapath
INFO: [VRFC 10-311] analyzing module dmem
INFO: [VRFC 10-311] analyzing module flopenr
INFO: [VRFC 10-311] analyzing module flopenr_0
INFO: [VRFC 10-311] analyzing module flopr
INFO: [VRFC 10-311] analyzing module regfile
INFO: [VRFC 10-311] analyzing module glbl
